Determining if the pthread_create exist failed with the following output:
Change Dir: /home/eddy/catkin_sandbox/src/test/cmake-build-debug/CMakeFiles/CMakeTmp

Run Build Command:"/usr/bin/make" "cmTC_cfa3b/fast"
/usr/bin/make -f CMakeFiles/cmTC_cfa3b.dir/build.make CMakeFiles/cmTC_cfa3b.dir/build
make[1]: Entering directory '/home/eddy/catkin_sandbox/src/test/cmake-build-debug/CMakeFiles/CMakeTmp'
Building C object CMakeFiles/cmTC_cfa3b.dir/CheckSymbolExists.c.o
/usr/bin/cc    -o CMakeFiles/cmTC_cfa3b.dir/CheckSymbolExists.c.o   -c /home/eddy/catkin_sandbox/src/test/cmake-build-debug/CMakeFiles/CMakeTmp/CheckSymbolExists.c
Linking C executable cmTC_cfa3b
/home/eddy/clion-2017.2.3/bin/cmake/bin/cmake -E cmake_link_script CMakeFiles/cmTC_cfa3b.dir/link.txt --verbose=1
/usr/bin/cc      -rdynamic CMakeFiles/cmTC_cfa3b.dir/CheckSymbolExists.c.o  -o cmTC_cfa3b 
CMakeFiles/cmTC_cfa3b.dir/CheckSymbolExists.c.o: In function `main':
CheckSymbolExists.c:(.text+0x16): undefined reference to `pthread_create'
collect2: error: ld returned 1 exit status
CMakeFiles/cmTC_cfa3b.dir/build.make:97: recipe for target 'cmTC_cfa3b' failed
make[1]: *** [cmTC_cfa3b] Error 1
make[1]: Leaving directory '/home/eddy/catkin_sandbox/src/test/cmake-build-debug/CMakeFiles/CMakeTmp'
Makefile:126: recipe for target 'cmTC_cfa3b/fast' failed
make: *** [cmTC_cfa3b/fast] Error 2

File /home/eddy/catkin_sandbox/src/test/cmake-build-debug/CMakeFiles/CMakeTmp/CheckSymbolExists.c:
/* */
#include <pthread.h>

int main(int argc, char** argv)
{
  (void)argv;
#ifndef pthread_create
  return ((int*)(&pthread_create))[argc];
#else
  (void)argc;
  return 0;
#endif
}

Determining if the function pthread_create exists in the pthreads failed with the following output:
Change Dir: /home/eddy/catkin_sandbox/src/test/cmake-build-debug/CMakeFiles/CMakeTmp

Run Build Command:"/usr/bin/make" "cmTC_237d3/fast"
/usr/bin/make -f CMakeFiles/cmTC_237d3.dir/build.make CMakeFiles/cmTC_237d3.dir/build
make[1]: Entering directory '/home/eddy/catkin_sandbox/src/test/cmake-build-debug/CMakeFiles/CMakeTmp'
Building C object CMakeFiles/cmTC_237d3.dir/CheckFunctionExists.c.o
/usr/bin/cc   -DCHECK_FUNCTION_EXISTS=pthread_create   -o CMakeFiles/cmTC_237d3.dir/CheckFunctionExists.c.o   -c /home/eddy/clion-2017.2.3/bin/cmake/share/cmake-3.8/Modules/CheckFunctionExists.c
Linking C executable cmTC_237d3
/home/eddy/clion-2017.2.3/bin/cmake/bin/cmake -E cmake_link_script CMakeFiles/cmTC_237d3.dir/link.txt --verbose=1
/usr/bin/cc  -DCHECK_FUNCTION_EXISTS=pthread_create    -rdynamic CMakeFiles/cmTC_237d3.dir/CheckFunctionExists.c.o  -o cmTC_237d3 -lpthreads 
/usr/bin/ld: cannot find -lpthreads
collect2: error: ld returned 1 exit status
CMakeFiles/cmTC_237d3.dir/build.make:97: recipe for target 'cmTC_237d3' failed
make[1]: *** [cmTC_237d3] Error 1
make[1]: Leaving directory '/home/eddy/catkin_sandbox/src/test/cmake-build-debug/CMakeFiles/CMakeTmp'
Makefile:126: recipe for target 'cmTC_237d3/fast' failed
make: *** [cmTC_237d3/fast] Error 2


